c:\users\amrit\documents\visual studio 2015\ood codes\project 3\cse687_project3s17_amritbanisondhi\codeanalyzerex\analyzer\x64\debug\codeanalyzer.pdb
c:\users\amrit\documents\visual studio 2015\ood codes\project 3\cse687_project3s17_amritbanisondhi\codeanalyzerex\analyzer\x64\debug\codeanalyzer.idb
c:\users\amrit\documents\visual studio 2015\ood codes\project 3\cse687_project3s17_amritbanisondhi\codeanalyzerex\analyzer\x64\debug\abstrsyntree.obj
c:\users\amrit\documents\visual studio 2015\ood codes\project 3\cse687_project3s17_amritbanisondhi\codeanalyzerex\analyzer\x64\debug\filemgr.obj
c:\users\amrit\documents\visual studio 2015\ood codes\project 3\cse687_project3s17_amritbanisondhi\codeanalyzerex\analyzer\x64\debug\filesystem.obj
c:\users\amrit\documents\visual studio 2015\ood codes\project 3\cse687_project3s17_amritbanisondhi\codeanalyzerex\analyzer\x64\debug\grammarhelpers.obj
c:\users\amrit\documents\visual studio 2015\ood codes\project 3\cse687_project3s17_amritbanisondhi\codeanalyzerex\analyzer\x64\debug\logger.obj
c:\users\amrit\documents\visual studio 2015\ood codes\project 3\cse687_project3s17_amritbanisondhi\codeanalyzerex\analyzer\x64\debug\actionsandrules.obj
c:\users\amrit\documents\visual studio 2015\ood codes\project 3\cse687_project3s17_amritbanisondhi\codeanalyzerex\analyzer\x64\debug\configureparser.obj
c:\users\amrit\documents\visual studio 2015\ood codes\project 3\cse687_project3s17_amritbanisondhi\codeanalyzerex\analyzer\x64\debug\parser.obj
c:\users\amrit\documents\visual studio 2015\ood codes\project 3\cse687_project3s17_amritbanisondhi\codeanalyzerex\analyzer\x64\debug\scopestack.obj
c:\users\amrit\documents\visual studio 2015\ood codes\project 3\cse687_project3s17_amritbanisondhi\codeanalyzerex\analyzer\x64\debug\semiexp.obj
c:\users\amrit\documents\visual studio 2015\ood codes\project 3\cse687_project3s17_amritbanisondhi\codeanalyzerex\analyzer\x64\debug\tokenizer.obj
c:\users\amrit\documents\visual studio 2015\ood codes\project 3\cse687_project3s17_amritbanisondhi\codeanalyzerex\analyzer\x64\debug\utilities.obj
c:\users\amrit\documents\visual studio 2015\ood codes\project 3\cse687_project3s17_amritbanisondhi\codeanalyzerex\analyzer\x64\debug\depanal.obj
c:\users\amrit\documents\visual studio 2015\ood codes\project 3\cse687_project3s17_amritbanisondhi\codeanalyzerex\analyzer\x64\debug\executive.obj
c:\users\amrit\documents\visual studio 2015\ood codes\project 3\cse687_project3s17_amritbanisondhi\codeanalyzerex\x64\debug\codeanalyzer.lib
c:\users\amrit\documents\visual studio 2015\ood codes\project 3\cse687_project3s17_amritbanisondhi\codeanalyzerex\x64\debug\codeanalyzer.pdb
c:\users\amrit\documents\visual studio 2015\ood codes\project 3\cse687_project3s17_amritbanisondhi\codeanalyzerex\analyzer\x64\debug\codeanalyzer.tlog\cl.command.1.tlog
c:\users\amrit\documents\visual studio 2015\ood codes\project 3\cse687_project3s17_amritbanisondhi\codeanalyzerex\analyzer\x64\debug\codeanalyzer.tlog\cl.read.1.tlog
c:\users\amrit\documents\visual studio 2015\ood codes\project 3\cse687_project3s17_amritbanisondhi\codeanalyzerex\analyzer\x64\debug\codeanalyzer.tlog\cl.write.1.tlog
c:\users\amrit\documents\visual studio 2015\ood codes\project 3\cse687_project3s17_amritbanisondhi\codeanalyzerex\analyzer\x64\debug\codeanalyzer.tlog\lib-link.read.1.tlog
c:\users\amrit\documents\visual studio 2015\ood codes\project 3\cse687_project3s17_amritbanisondhi\codeanalyzerex\analyzer\x64\debug\codeanalyzer.tlog\lib-link.write.1.tlog
c:\users\amrit\documents\visual studio 2015\ood codes\project 3\cse687_project3s17_amritbanisondhi\codeanalyzerex\analyzer\x64\debug\codeanalyzer.tlog\lib.command.1.tlog
