c:\users\amrit\documents\visual studio 2015\ood codes\project 3\cse687_project3s17_amritbanisondhi\codeanalyzerex\parser\x64\debug\vc140.pdb
c:\users\amrit\documents\visual studio 2015\ood codes\project 3\cse687_project3s17_amritbanisondhi\codeanalyzerex\parser\x64\debug\vc140.idb
c:\users\amrit\documents\visual studio 2015\ood codes\project 3\cse687_project3s17_amritbanisondhi\codeanalyzerex\parser\x64\debug\abstrsyntree.obj
c:\users\amrit\documents\visual studio 2015\ood codes\project 3\cse687_project3s17_amritbanisondhi\codeanalyzerex\parser\x64\debug\filesystem.obj
c:\users\amrit\documents\visual studio 2015\ood codes\project 3\cse687_project3s17_amritbanisondhi\codeanalyzerex\parser\x64\debug\grammarhelpers.obj
c:\users\amrit\documents\visual studio 2015\ood codes\project 3\cse687_project3s17_amritbanisondhi\codeanalyzerex\parser\x64\debug\logger.obj
c:\users\amrit\documents\visual studio 2015\ood codes\project 3\cse687_project3s17_amritbanisondhi\codeanalyzerex\parser\x64\debug\scopestack.obj
c:\users\amrit\documents\visual studio 2015\ood codes\project 3\cse687_project3s17_amritbanisondhi\codeanalyzerex\parser\x64\debug\semiexp.obj
c:\users\amrit\documents\visual studio 2015\ood codes\project 3\cse687_project3s17_amritbanisondhi\codeanalyzerex\parser\x64\debug\tokenizer.obj
c:\users\amrit\documents\visual studio 2015\ood codes\project 3\cse687_project3s17_amritbanisondhi\codeanalyzerex\parser\x64\debug\utilities.obj
c:\users\amrit\documents\visual studio 2015\ood codes\project 3\cse687_project3s17_amritbanisondhi\codeanalyzerex\parser\x64\debug\actionsandrules.obj
c:\users\amrit\documents\visual studio 2015\ood codes\project 3\cse687_project3s17_amritbanisondhi\codeanalyzerex\parser\x64\debug\configureparser.obj
c:\users\amrit\documents\visual studio 2015\ood codes\project 3\cse687_project3s17_amritbanisondhi\codeanalyzerex\parser\x64\debug\parser.obj
c:\users\amrit\documents\visual studio 2015\ood codes\project 3\cse687_project3s17_amritbanisondhi\codeanalyzerex\x64\debug\parser.ilk
c:\users\amrit\documents\visual studio 2015\ood codes\project 3\cse687_project3s17_amritbanisondhi\codeanalyzerex\x64\debug\parser.exe
c:\users\amrit\documents\visual studio 2015\ood codes\project 3\cse687_project3s17_amritbanisondhi\codeanalyzerex\x64\debug\parser.pdb
c:\users\amrit\documents\visual studio 2015\ood codes\project 3\cse687_project3s17_amritbanisondhi\codeanalyzerex\parser\x64\debug\parser.tlog\cl.command.1.tlog
c:\users\amrit\documents\visual studio 2015\ood codes\project 3\cse687_project3s17_amritbanisondhi\codeanalyzerex\parser\x64\debug\parser.tlog\cl.read.1.tlog
c:\users\amrit\documents\visual studio 2015\ood codes\project 3\cse687_project3s17_amritbanisondhi\codeanalyzerex\parser\x64\debug\parser.tlog\cl.write.1.tlog
c:\users\amrit\documents\visual studio 2015\ood codes\project 3\cse687_project3s17_amritbanisondhi\codeanalyzerex\parser\x64\debug\parser.tlog\link.command.1.tlog
c:\users\amrit\documents\visual studio 2015\ood codes\project 3\cse687_project3s17_amritbanisondhi\codeanalyzerex\parser\x64\debug\parser.tlog\link.read.1.tlog
c:\users\amrit\documents\visual studio 2015\ood codes\project 3\cse687_project3s17_amritbanisondhi\codeanalyzerex\parser\x64\debug\parser.tlog\link.write.1.tlog
